
> landing-page@0.1.0 build
> next build

Attention: Next.js now collects completely anonymous telemetry regarding usage.
This information is used to shape Next.js' roadmap and prioritize features.
You can learn more, including how to opt-out if you'd not like to participate in this anonymous program, by visiting the following URL:
https://nextjs.org/telemetry

▲ Next.js 16.1.1 (Turbopack)

  Creating an optimized production build ...
✓ Compiled successfully in 7.3s
  Running TypeScript ...
  Collecting page data using 3 workers ...
⚠ Using edge runtime on a page currently disables static generation for that page
  Generating static pages using 3 workers (0/9) ...
  Generating static pages using 3 workers (2/9)
  Generating static pages using 3 workers (4/9)
  Generating static pages using 3 workers (6/9)
✓ Generating static pages using 3 workers (9/9) in 401.5ms
  Finalizing page optimization ...

Route (app)                Revalidate  Expire
┌ ○ /
├ ○ /_not-found
├ ○ /icon.svg
├ ○ /kontakt
├ ƒ /opengraph-image
├ ○ /polityka-prywatnosci
├ ○ /regulamin
├ ○ /robots.txt                    1d      1y
└ ○ /sitemap.xml                   1d      1y


○  (Static)   prerendered as static content
ƒ  (Dynamic)  server-rendered on demand
